<?xml version="1.0" encoding="UTF-8"?>
<testng-results skipped="0" failed="0" ignored="0" total="1" passed="1">
  <reporter-output>
  </reporter-output>
  <suite name="Sample Chrome test suite" duration-ms="29232" started-at="2021-09-30T01:56:06 IST" finished-at="2021-09-30T01:56:35 IST">
    <groups>
    </groups>
    <test name="Sample test 01" duration-ms="29232" started-at="2021-09-30T01:56:06 IST" finished-at="2021-09-30T01:56:35 IST">
      <class name="com.picnic.selenium.SeleniuminMaven1">
        <test-method status="PASS" signature="mavsel()[pri:0, instance:com.picnic.selenium.SeleniuminMaven1@5d7dd549]" name="mavsel" duration-ms="29165" started-at="2021-09-30T01:56:06 IST" finished-at="2021-09-30T01:56:35 IST">
          <reporter-output>
          </reporter-output>
        </test-method> <!-- mavsel -->
      </class> <!-- com.picnic.selenium.SeleniuminMaven1 -->
    </test> <!-- Sample test 01 -->
  </suite> <!-- Sample Chrome test suite -->
</testng-results>
