<?xml version="1.0" encoding="UTF-8"?>
<testng-results ignored="0" total="2" passed="2" failed="0" skipped="0">
  <reporter-output>
  </reporter-output>
  <suite started-at="2021-09-29T15:00:54 IST" name="SampleSuite2" finished-at="2021-09-29T15:01:39 IST" duration-ms="44753">
    <groups>
    </groups>
    <test started-at="2021-09-29T15:00:54 IST" name="SampleTest" finished-at="2021-09-29T15:01:18 IST" duration-ms="23180">
      <class name="com.picniiic.SeleniumGA1.RecorderScript">
        <test-method is-config="true" signature="setup(java.lang.String)[pri:0, instance:com.picniiic.SeleniumGA1.RecorderScript@1e04fa0a]" started-at="2021-09-29T15:00:54 IST" name="setup" finished-at="2021-09-29T15:00:59 IST" duration-ms="4032" status="PASS">
          <params>
            <param index="0">
              <value>
                <![CDATA[Chrome]]>
              </value>
            </param>
          </params>
          <reporter-output>
          </reporter-output>
        </test-method> <!-- setup -->
        <test-method signature="testParameterWithXML()[pri:0, instance:com.picniiic.SeleniumGA1.RecorderScript@1e04fa0a]" started-at="2021-09-29T15:00:59 IST" name="testParameterWithXML" finished-at="2021-09-29T15:01:18 IST" duration-ms="19091" status="PASS">
          <reporter-output>
          </reporter-output>
        </test-method> <!-- testParameterWithXML -->
      </class> <!-- com.picniiic.SeleniumGA1.RecorderScript -->
    </test> <!-- SampleTest -->
    <test started-at="2021-09-29T15:01:18 IST" name="Sample2Test" finished-at="2021-09-29T15:01:39 IST" duration-ms="21512">
      <class name="com.picniiic.SeleniumGA1.RecorderScript">
        <test-method is-config="true" signature="setup(java.lang.String)[pri:0, instance:com.picniiic.SeleniumGA1.RecorderScript@27462a88]" started-at="2021-09-29T15:01:18 IST" name="setup" finished-at="2021-09-29T15:01:23 IST" duration-ms="5163" status="PASS">
          <params>
            <param index="0">
              <value>
                <![CDATA[Firefox]]>
              </value>
            </param>
          </params>
          <reporter-output>
          </reporter-output>
        </test-method> <!-- setup -->
        <test-method signature="testParameterWithXML()[pri:0, instance:com.picniiic.SeleniumGA1.RecorderScript@27462a88]" started-at="2021-09-29T15:01:23 IST" name="testParameterWithXML" finished-at="2021-09-29T15:01:39 IST" duration-ms="16346" status="PASS">
          <reporter-output>
          </reporter-output>
        </test-method> <!-- testParameterWithXML -->
      </class> <!-- com.picniiic.SeleniumGA1.RecorderScript -->
    </test> <!-- Sample2Test -->
  </suite> <!-- SampleSuite2 -->
</testng-results>
